<?xml version="1.0" encoding="UTF-8"?>
<!-- Generated by org.testng.reporters.JUnitReportReporter -->
<testsuite hostname="SL-DEranthika" failures="0" tests="2" name="LoginPageTests" time="0.943" errors="0" timestamp="2022-11-16T16:06:16 IST" skipped="0">
  <testcase classname="LoginPageTests" name="testLoginPage" time="0.187"/>
  <system-out/>
  <testcase classname="LoginPageTests" name="testSuccessfulLogin" time="0.756"/>
  <system-out/>
</testsuite> <!-- LoginPageTests -->
